<?xml version="1.0" encoding="UTF-8"?>
<!-- Generated by org.testng.reporters.JUnitXMLReporter -->
<testsuite hostname="CISM532" ignored="0" name="Test" tests="9" failures="0" timestamp="20 May 2019 07:53:42 GMT" time="69.262" errors="0">
  <testcase name="LogPageTS01" time="0.384" classname="TestNgScripts.LoginTest"/>
  <testcase name="LogPageTS02" time="0.504" classname="TestNgScripts.LoginTest"/>
  <testcase name="LogPageTS03" time="4.201" classname="TestNgScripts.LoginTest"/>
  <testcase name="LogPageTS04" time="24.002" classname="TestNgScripts.LoginTest"/>
  <testcase name="LogPageTS05" time="1.757" classname="TestNgScripts.LoginTest"/>
  <testcase name="LogPageTS06" time="1.773" classname="TestNgScripts.LoginTest"/>
  <testcase name="LogPageTS07" time="1.048" classname="TestNgScripts.LoginTest"/>
  <testcase name="LogPageTS08" time="0.669" classname="TestNgScripts.LoginTest"/>
  <testcase name="LogPageTS09" time="8.789" classname="TestNgScripts.LoginTest"/>
</testsuite> <!-- Test -->
