<?xml version="1.0" encoding="UTF-8"?>
<testng-results skipped="0" failed="0" ignored="0" total="1" passed="1">
  <reporter-output>
  </reporter-output>
  <suite name="Default suite" duration-ms="54401" started-at="2020-01-09T10:14:47Z" finished-at="2020-01-09T10:15:41Z">
    <groups>
    </groups>
    <test name="Default test" duration-ms="54401" started-at="2020-01-09T10:14:47Z" finished-at="2020-01-09T10:15:41Z">
      <class name="TestNgScripts.QuickQuotes">
        <test-method status="PASS" signature="setUp()[pri:0, instance:TestNgScripts.QuickQuotes@464bee09]" name="setUp" is-config="true" duration-ms="128" started-at="2020-01-09T10:14:47Z" finished-at="2020-01-09T10:14:47Z">
          <reporter-output>
          </reporter-output>
        </test-method> <!-- setUp -->
        <test-method status="PASS" signature="openBrowser()[pri:0, instance:TestNgScripts.QuickQuotes@464bee09]" name="openBrowser" is-config="true" duration-ms="3691" started-at="2020-01-09T10:14:47Z" finished-at="2020-01-09T10:14:50Z">
          <reporter-output>
          </reporter-output>
        </test-method> <!-- openBrowser -->
        <test-method status="PASS" signature="openApplication()[pri:0, instance:TestNgScripts.QuickQuotes@464bee09]" name="openApplication" is-config="true" duration-ms="17239" started-at="2020-01-09T10:14:50Z" finished-at="2020-01-09T10:15:08Z">
          <reporter-output>
          </reporter-output>
        </test-method> <!-- openApplication -->
        <test-method status="PASS" signature="VerfiySimpleQuote()[pri:1, instance:TestNgScripts.QuickQuotes@464bee09]" name="VerfiySimpleQuote" duration-ms="33439" started-at="2020-01-09T10:15:08Z" finished-at="2020-01-09T10:15:41Z">
          <reporter-output>
          </reporter-output>
        </test-method> <!-- VerfiySimpleQuote -->
        <test-method status="PASS" signature="getResult(org.testng.ITestResult)[pri:0, instance:TestNgScripts.QuickQuotes@464bee09]" name="getResult" is-config="true" duration-ms="13" started-at="2020-01-09T10:15:41Z" finished-at="2020-01-09T10:15:41Z">
          <params>
            <param index="0">
              <value>
                <![CDATA[[TestResult name=VerfiySimpleQuote status=SUCCESS method=QuickQuotes.VerfiySimpleQuote()[pri:1, instance:TestNgScripts.QuickQuotes@464bee09] output={null}]]]>
              </value>
            </param>
          </params>
          <reporter-output>
          </reporter-output>
        </test-method> <!-- getResult -->
        <test-method status="PASS" signature="tearDown()[pri:0, instance:TestNgScripts.QuickQuotes@464bee09]" name="tearDown" is-config="true" duration-ms="285" started-at="2020-01-09T10:15:41Z" finished-at="2020-01-09T10:15:41Z">
          <reporter-output>
          </reporter-output>
        </test-method> <!-- tearDown -->
      </class> <!-- TestNgScripts.QuickQuotes -->
    </test> <!-- Default test -->
  </suite> <!-- Default suite -->
</testng-results>
