<?xml version="1.0" encoding="UTF-8"?>
<testng-results skipped="0" failed="0" ignored="0" total="1" passed="1">
  <reporter-output>
  </reporter-output>
  <suite name="Default suite" duration-ms="51543" started-at="2019-11-05T13:29:04Z" finished-at="2019-11-05T13:29:56Z">
    <groups>
    </groups>
    <test name="Default test" duration-ms="51543" started-at="2019-11-05T13:29:04Z" finished-at="2019-11-05T13:29:56Z">
      <class name="TestNgScripts.QuickQuotes">
        <test-method status="PASS" signature="setUp()[pri:0, instance:TestNgScripts.QuickQuotes@464bee09]" name="setUp" is-config="true" duration-ms="139" started-at="2019-11-05T13:29:04Z" finished-at="2019-11-05T13:29:04Z">
          <reporter-output>
          </reporter-output>
        </test-method> <!-- setUp -->
        <test-method status="PASS" signature="openBrowser()[pri:0, instance:TestNgScripts.QuickQuotes@464bee09]" name="openBrowser" is-config="true" duration-ms="3638" started-at="2019-11-05T13:29:04Z" finished-at="2019-11-05T13:29:08Z">
          <reporter-output>
          </reporter-output>
        </test-method> <!-- openBrowser -->
        <test-method status="PASS" signature="openApplication()[pri:0, instance:TestNgScripts.QuickQuotes@464bee09]" name="openApplication" is-config="true" duration-ms="12947" started-at="2019-11-05T13:29:08Z" finished-at="2019-11-05T13:29:21Z">
          <reporter-output>
          </reporter-output>
        </test-method> <!-- openApplication -->
        <test-method status="PASS" signature="VerfiySummaryPage()[pri:0, instance:TestNgScripts.QuickQuotes@464bee09]" name="VerfiySummaryPage" duration-ms="34919" started-at="2019-11-05T13:29:21Z" finished-at="2019-11-05T13:29:56Z">
          <reporter-output>
          </reporter-output>
        </test-method> <!-- VerfiySummaryPage -->
        <test-method status="PASS" signature="getResult(org.testng.ITestResult)[pri:0, instance:TestNgScripts.QuickQuotes@464bee09]" name="getResult" is-config="true" duration-ms="19" started-at="2019-11-05T13:29:56Z" finished-at="2019-11-05T13:29:56Z">
          <params>
            <param index="0">
              <value>
                <![CDATA[[TestResult name=VerfiySummaryPage status=SUCCESS method=QuickQuotes.VerfiySummaryPage()[pri:0, instance:TestNgScripts.QuickQuotes@464bee09] output={null}]]]>
              </value>
            </param>
          </params>
          <reporter-output>
          </reporter-output>
        </test-method> <!-- getResult -->
        <test-method status="PASS" signature="tearDown()[pri:0, instance:TestNgScripts.QuickQuotes@464bee09]" name="tearDown" is-config="true" duration-ms="240" started-at="2019-11-05T13:29:56Z" finished-at="2019-11-05T13:29:56Z">
          <reporter-output>
          </reporter-output>
        </test-method> <!-- tearDown -->
      </class> <!-- TestNgScripts.QuickQuotes -->
    </test> <!-- Default test -->
  </suite> <!-- Default suite -->
</testng-results>
